2026-01-05 12:16:20,774 - INFO - Before Number of Rows for Good class : 111930
2026-01-05 12:16:20,783 - INFO - Before Number of Rows for Bad class : 8070
2026-01-05 12:16:21,409 - INFO - After Number of Rows for Good class : 111930
2026-01-05 12:16:21,423 - INFO - After Number of Rows for Bad class : 111930
2026-01-05 12:16:21,423 - INFO - (223860, 19)
2026-01-05 12:16:21,423 - INFO - (223860,)
2026-01-05 12:16:21,486 - INFO -         NPA Status  RevolvingUtilizationOfUnsecuredLines        age  ...  Rented_OwnHouse_res  Occupation_res  Education_res
35894          0.0                              0.898809  56.000000  ...             0.000000        4.000000       2.000000
214212         1.0                              0.547927  56.894976  ...             0.345003        4.000000       4.000000
106897         0.0                              0.029843  58.000000  ...             0.000000        4.000000       4.000000
11008          1.0                              0.070404  64.000000  ...             0.000000        4.000000       1.000000
129434         1.0                              0.826350  56.738074  ...             0.000000        4.000000       2.086730
135258         1.0                              0.939440  49.678943  ...             0.000000        2.715773       0.678943
126323         1.0                              0.578268  43.383153  ...             0.000000        4.000000       0.290761
41174          0.0                              0.053776  63.000000  ...             1.000000        0.000000       4.000000
24976          0.0                              1.000000  32.000000  ...             1.000000        2.000000       4.000000
170546         1.0                              0.302617  49.015104  ...             0.000000        1.984896       2.343403

[10 rows x 19 columns]
2026-01-05 12:16:21,563 - INFO - [[-1.         -0.02299359 -0.81445188 ... -0.94403953  1.05712346
  -1.48722317]
 [-1.         -0.02188355  0.41829489 ... -0.94403953  1.05712346
  -0.81178451]
 [-1.         -0.02053911 -1.10450994 ...  1.25154345 -1.47353314
   1.21453148]
 ...
 [ 1.         -0.01937494  0.13691808 ...  0.93600707 -0.02635924
   0.92332116]
 [ 1.         -0.01970086  0.20444722 ... -0.94403953  0.85698382
  -0.6693371 ]
 [ 1.         -0.02479849 -0.50310075 ... -0.78286256  1.05712346
  -0.71261708]]
